1_SFmean_a0 = 0.220766
1_SFmean_a1 = 0.0147447
1_SFmean_a2 = -0.00489355
1_SFmean_a3 = 0.000519253
1_SFsigma_a0 = 0.0354434
1_SFsigma_a1 = -0.0143688
1_SFsigma_a2 = 0.00352196
1_SFsigma_a3 = -0.000335203
1_a0_CCtheta_high = 8.26191
1_a0_CCtheta_low = 9.32935
1_a1_CCtheta_high = 1.39196
1_a1_CCtheta_low = 0.458875
1_a2_CCtheta_high = 0.0462863
1_a2_CCtheta_low = 0.0751963
2_SFmean_a0 = 0.219945
2_SFmean_a1 = 0.0180767
2_SFmean_a2 = -0.00639825
2_SFmean_a3 = 0.000742092
2_SFsigma_a0 = 0.0349228
2_SFsigma_a1 = -0.0145381
2_SFsigma_a2 = 0.00368543
2_SFsigma_a3 = -0.000359392
2_a0_CCtheta_high = 8.64527
2_a0_CCtheta_low = 9.42465
2_a1_CCtheta_high = 1.30892
2_a1_CCtheta_low = 0.44357
2_a2_CCtheta_high = 0.0510108
2_a2_CCtheta_low = 0.0754812
3_SFmean_a0 = 0.220313
3_SFmean_a1 = 0.0169074
3_SFmean_a2 = -0.00548383
3_SFmean_a3 = 0.000568149
3_SFsigma_a0 = 0.0347707
3_SFsigma_a1 = -0.0135492
3_SFsigma_a2 = 0.00307874
3_SFsigma_a3 = -0.000260751
3_a0_CCtheta_high = 8.26404
3_a0_CCtheta_low = 9.52626
3_a1_CCtheta_high = 1.408
3_a1_CCtheta_low = 0.418403
3_a2_CCtheta_high = 0.0460688
3_a2_CCtheta_low = 0.0774233
4_SFmean_a0 = 0.221288
4_SFmean_a1 = 0.0137292
4_SFmean_a2 = -0.00437765
4_SFmean_a3 = 0.000424327
4_SFsigma_a0 = 0.036096
4_SFsigma_a1 = -0.0153546
4_SFsigma_a2 = 0.00394917
4_SFsigma_a3 = -0.000390688
4_a0_CCtheta_high = 8.72141
4_a0_CCtheta_low = 8.93242
4_a1_CCtheta_high = 1.31152
4_a1_CCtheta_low = 0.557759
4_a2_CCtheta_high = 0.0502046
4_a2_CCtheta_low = 0.0696421
5_SFmean_a0 = 0.219234
5_SFmean_a1 = 0.0177388
5_SFmean_a2 = -0.00557197
5_SFmean_a3 = 0.000555405
5_SFsigma_a0 = 0.0353282
5_SFsigma_a1 = -0.0142703
5_SFsigma_a2 = 0.00347418
5_SFsigma_a3 = -0.000323637
5_a0_CCtheta_high = 8.34989
5_a0_CCtheta_low = 9.31428
5_a1_CCtheta_high = 1.35578
5_a1_CCtheta_low = 0.46707
5_a2_CCtheta_high = 0.0492331
5_a2_CCtheta_low = 0.0745678
6_SFmean_a0 = 0.217248
6_SFmean_a1 = 0.019857
6_SFmean_a2 = -0.0075526
6_SFmean_a3 = 0.000927366
6_SFsigma_a0 = 0.0355262
6_SFsigma_a1 = -0.0138957
6_SFsigma_a2 = 0.00315626
6_SFsigma_a3 = -0.000268765
6_a0_CCtheta_high = 8.62708
6_a0_CCtheta_low = 9.24886
6_a1_CCtheta_high = 1.31583
6_a1_CCtheta_low = 0.479363
6_a2_CCtheta_high = 0.050467
6_a2_CCtheta_low = 0.0739695
EC_min_p = 0.64
cut_nPhe = 30
nPbins = 15
