1_SFmean_a0 = 0.259351
1_SFmean_a1 = 0.0290101
1_SFmean_a2 = -0.002351
1_SFmean_a3 = -1.04206e-05
1_SFsigma_a0 = 0.0470147
1_SFsigma_a1 = -0.0191508
1_SFsigma_a2 = 0.00515491
1_SFsigma_a3 = -0.000496982
1_a0_CCtheta_high = 9.5517
1_a0_CCtheta_low = 5.27217
1_a1_CCtheta_high = 1.42554
1_a1_CCtheta_low = 1.32811
1_a2_CCtheta_high = 0.0421524
1_a2_CCtheta_low = 0.0371782
2_SFmean_a0 = 0.281727
2_SFmean_a1 = 0.0579125
2_SFmean_a2 = -0.0110491
2_SFmean_a3 = 0.000745872
2_SFsigma_a0 = 0.058316
2_SFsigma_a1 = -0.0118746
2_SFsigma_a2 = -0.000340192
2_SFsigma_a3 = 0.000365358
2_a0_CCtheta_high = 9.37995
2_a0_CCtheta_low = 6.16018
2_a1_CCtheta_high = 1.41374
2_a1_CCtheta_low = 1.01517
2_a2_CCtheta_high = 0.0448503
2_a2_CCtheta_low = 0.0547665
3_SFmean_a0 = 0.258238
3_SFmean_a1 = 0.0469234
3_SFmean_a2 = -0.00793056
3_SFmean_a3 = 0.000672446
3_SFsigma_a0 = 0.0477462
3_SFsigma_a1 = -0.0172543
3_SFsigma_a2 = 0.00409656
3_SFsigma_a3 = -0.000289126
3_a0_CCtheta_high = 9.66311
3_a0_CCtheta_low = 5.59928
3_a1_CCtheta_high = 1.36698
3_a1_CCtheta_low = 1.21522
3_a2_CCtheta_high = 0.04675
3_a2_CCtheta_low = 0.0434164
4_SFmean_a0 = 0.274411
4_SFmean_a1 = 0.0182674
4_SFmean_a2 = 0.00222566
4_SFmean_a3 = -0.000565052
4_SFsigma_a0 = 0.0443633
4_SFsigma_a1 = -0.0101284
4_SFsigma_a2 = 0.00287309
4_SFsigma_a3 = -0.000345008
4_a0_CCtheta_high = 9.52572
4_a0_CCtheta_low = 5.55834
4_a1_CCtheta_high = 1.41049
4_a1_CCtheta_low = 1.30925
4_a2_CCtheta_high = 0.0414933
4_a2_CCtheta_low = 0.0361527
5_SFmean_a0 = 0.239176
5_SFmean_a1 = 0.0444721
5_SFmean_a2 = -0.00890621
5_SFmean_a3 = 0.000707731
5_SFsigma_a0 = 0.049301
5_SFsigma_a1 = -0.0173756
5_SFsigma_a2 = 0.00400414
5_SFsigma_a3 = -0.000309591
5_a0_CCtheta_high = 10.9579
5_a0_CCtheta_low = 6.07809
5_a1_CCtheta_high = 1.16331
5_a1_CCtheta_low = 1.13558
5_a2_CCtheta_high = 0.0568184
5_a2_CCtheta_low = 0.0481799
6_SFmean_a0 = 0.248752
6_SFmean_a1 = 0.0356904
6_SFmean_a2 = -0.00505897
6_SFmean_a3 = 0.000103396
6_SFsigma_a0 = 0.04315
6_SFsigma_a1 = -0.0104406
6_SFsigma_a2 = 0.00127932
6_SFsigma_a3 = -3.75922e-05
6_a0_CCtheta_high = 9.73402
6_a0_CCtheta_low = 5.96744
6_a1_CCtheta_high = 1.34467
6_a1_CCtheta_low = 1.11618
6_a2_CCtheta_high = 0.0474782
6_a2_CCtheta_low = 0.0489222
EC_min_p = 0.64
cut_nPhe = 30
nPbins = 15
